<?xml version="1.0" encoding="UTF-8"?>
<testsuite xmlns:xsi="http://www.w3.org/2001/XMLSchema-instance" xsi:noNamespaceSchemaLocation="https://maven.apache.org/surefire/maven-surefire-plugin/xsd/surefire-test-report.xsd" name="TestSuite" time="11.61" tests="0" errors="0" skipped="0" failures="0">
  <properties>
    <property name="sun.desktop" value="windows"/>
    <property name="awt.toolkit" value="sun.awt.windows.WToolkit"/>
    <property name="file.encoding.pkg" value="sun.io"/>
    <property name="java.specification.version" value="1.8"/>
    <property name="sun.cpu.isalist" value="amd64"/>
    <property name="sun.jnu.encoding" value="Cp1252"/>
    <property name="java.class.path" value="C:\Users\A748795\Eclipse_Deepesh1\target\test-classes;C:\Users\A748795\Eclipse_Deepesh1\target\classes;C:\Users\A748795\apache-maven-3.6.0\conf\io\cucumber\cucumber-java\5.7.0\cucumber-java-5.7.0.jar;C:\Users\A748795\apache-maven-3.6.0\conf\io\cucumber\cucumber-core\5.7.0\cucumber-core-5.7.0.jar;C:\Users\A748795\apache-maven-3.6.0\conf\io\cucumber\cucumber-gherkin\5.7.0\cucumber-gherkin-5.7.0.jar;C:\Users\A748795\apache-maven-3.6.0\conf\io\cucumber\cucumber-gherkin-vintage\5.7.0\cucumber-gherkin-vintage-5.7.0.jar;C:\Users\A748795\apache-maven-3.6.0\conf\io\cucumber\tag-expressions\2.0.4\tag-expressions-2.0.4.jar;C:\Users\A748795\apache-maven-3.6.0\conf\io\cucumber\cucumber-expressions\8.3.1\cucumber-expressions-8.3.1.jar;C:\Users\A748795\apache-maven-3.6.0\conf\io\cucumber\datatable\3.3.1\datatable-3.3.1.jar;C:\Users\A748795\apache-maven-3.6.0\conf\io\cucumber\cucumber-plugin\5.7.0\cucumber-plugin-5.7.0.jar;C:\Users\A748795\apache-maven-3.6.0\conf\io\cucumber\docstring\5.7.0\docstring-5.7.0.jar;C:\Users\A748795\apache-maven-3.6.0\conf\org\apiguardian\apiguardian-api\1.1.0\apiguardian-api-1.1.0.jar;C:\Users\A748795\apache-maven-3.6.0\conf\junit\junit\4.13\junit-4.13.jar;C:\Users\A748795\apache-maven-3.6.0\conf\org\hamcrest\hamcrest-core\1.3\hamcrest-core-1.3.jar;C:\Users\A748795\apache-maven-3.6.0\conf\io\cucumber\cucumber-junit\5.7.0\cucumber-junit-5.7.0.jar;C:\Users\A748795\apache-maven-3.6.0\conf\org\seleniumhq\selenium\selenium-java\3.5.3\selenium-java-3.5.3.jar;C:\Users\A748795\apache-maven-3.6.0\conf\org\seleniumhq\selenium\selenium-api\3.5.3\selenium-api-3.5.3.jar;C:\Users\A748795\apache-maven-3.6.0\conf\org\seleniumhq\selenium\selenium-chrome-driver\3.5.3\selenium-chrome-driver-3.5.3.jar;C:\Users\A748795\apache-maven-3.6.0\conf\org\seleniumhq\selenium\selenium-edge-driver\3.5.3\selenium-edge-driver-3.5.3.jar;C:\Users\A748795\apache-maven-3.6.0\conf\org\seleniumhq\selenium\selenium-firefox-driver\3.5.3\selenium-firefox-driver-3.5.3.jar;C:\Users\A748795\apache-maven-3.6.0\conf\org\seleniumhq\selenium\selenium-ie-driver\3.5.3\selenium-ie-driver-3.5.3.jar;C:\Users\A748795\apache-maven-3.6.0\conf\org\seleniumhq\selenium\selenium-opera-driver\3.5.3\selenium-opera-driver-3.5.3.jar;C:\Users\A748795\apache-maven-3.6.0\conf\org\seleniumhq\selenium\selenium-remote-driver\3.5.3\selenium-remote-driver-3.5.3.jar;C:\Users\A748795\apache-maven-3.6.0\conf\org\seleniumhq\selenium\selenium-safari-driver\3.5.3\selenium-safari-driver-3.5.3.jar;C:\Users\A748795\apache-maven-3.6.0\conf\org\seleniumhq\selenium\selenium-support\3.5.3\selenium-support-3.5.3.jar;C:\Users\A748795\apache-maven-3.6.0\conf\cglib\cglib-nodep\3.2.4\cglib-nodep-3.2.4.jar;C:\Users\A748795\apache-maven-3.6.0\conf\org\apache\commons\commons-exec\1.3\commons-exec-1.3.jar;C:\Users\A748795\apache-maven-3.6.0\conf\commons-codec\commons-codec\1.10\commons-codec-1.10.jar;C:\Users\A748795\apache-maven-3.6.0\conf\commons-io\commons-io\2.5\commons-io-2.5.jar;C:\Users\A748795\apache-maven-3.6.0\conf\commons-logging\commons-logging\1.2\commons-logging-1.2.jar;C:\Users\A748795\apache-maven-3.6.0\conf\org\w3c\css\sac\1.3\sac-1.3.jar;C:\Users\A748795\apache-maven-3.6.0\conf\net\sourceforge\cssparser\cssparser\0.9.23\cssparser-0.9.23.jar;C:\Users\A748795\apache-maven-3.6.0\conf\com\google\code\gson\gson\2.8.0\gson-2.8.0.jar;C:\Users\A748795\apache-maven-3.6.0\conf\com\google\guava\guava\23.0\guava-23.0.jar;C:\Users\A748795\apache-maven-3.6.0\conf\com\google\code\findbugs\jsr305\1.3.9\jsr305-1.3.9.jar;C:\Users\A748795\apache-maven-3.6.0\conf\com\google\errorprone\error_prone_annotations\2.0.18\error_prone_annotations-2.0.18.jar;C:\Users\A748795\apache-maven-3.6.0\conf\com\google\j2objc\j2objc-annotations\1.1\j2objc-annotations-1.1.jar;C:\Users\A748795\apache-maven-3.6.0\conf\org\codehaus\mojo\animal-sniffer-annotations\1.14\animal-sniffer-annotations-1.14.jar;C:\Users\A748795\apache-maven-3.6.0\conf\net\sourceforge\htmlunit\htmlunit\2.27\htmlunit-2.27.jar;C:\Users\A748795\apache-maven-3.6.0\conf\net\sourceforge\htmlunit\htmlunit-core-js\2.27\htmlunit-core-js-2.27.jar;C:\Users\A748795\apache-maven-3.6.0\conf\net\sourceforge\htmlunit\neko-htmlunit\2.27\neko-htmlunit-2.27.jar;C:\Users\A748795\apache-maven-3.6.0\conf\org\apache\httpcomponents\httpclient\4.5.3\httpclient-4.5.3.jar;C:\Users\A748795\apache-maven-3.6.0\conf\org\apache\httpcomponents\httpcore\4.4.6\httpcore-4.4.6.jar;C:\Users\A748795\apache-maven-3.6.0\conf\org\apache\httpcomponents\httpmime\4.5.3\httpmime-4.5.3.jar;C:\Users\A748795\apache-maven-3.6.0\conf\org\eclipse\jetty\jetty-client\9.4.5.v20170502\jetty-client-9.4.5.v20170502.jar;C:\Users\A748795\apache-maven-3.6.0\conf\org\eclipse\jetty\jetty-http\9.4.5.v20170502\jetty-http-9.4.5.v20170502.jar;C:\Users\A748795\apache-maven-3.6.0\conf\org\eclipse\jetty\jetty-io\9.4.5.v20170502\jetty-io-9.4.5.v20170502.jar;C:\Users\A748795\apache-maven-3.6.0\conf\org\eclipse\jetty\jetty-util\9.4.5.v20170502\jetty-util-9.4.5.v20170502.jar;C:\Users\A748795\apache-maven-3.6.0\conf\net\java\dev\jna\jna\4.1.0\jna-4.1.0.jar;C:\Users\A748795\apache-maven-3.6.0\conf\net\java\dev\jna\jna-platform\4.1.0\jna-platform-4.1.0.jar;C:\Users\A748795\apache-maven-3.6.0\conf\com\codeborne\phantomjsdriver\1.4.0\phantomjsdriver-1.4.0.jar;C:\Users\A748795\apache-maven-3.6.0\conf\org\seleniumhq\selenium\htmlunit-driver\2.27\htmlunit-driver-2.27.jar;C:\Users\A748795\apache-maven-3.6.0\conf\javax\servlet\javax.servlet-api\3.1.0\javax.servlet-api-3.1.0.jar;C:\Users\A748795\apache-maven-3.6.0\conf\org\eclipse\jetty\websocket\websocket-api\9.4.5.v20170502\websocket-api-9.4.5.v20170502.jar;C:\Users\A748795\apache-maven-3.6.0\conf\org\eclipse\jetty\websocket\websocket-client\9.4.5.v20170502\websocket-client-9.4.5.v20170502.jar;C:\Users\A748795\apache-maven-3.6.0\conf\org\eclipse\jetty\websocket\websocket-common\9.4.5.v20170502\websocket-common-9.4.5.v20170502.jar;C:\Users\A748795\apache-maven-3.6.0\conf\xalan\serializer\2.7.2\serializer-2.7.2.jar;C:\Users\A748795\apache-maven-3.6.0\conf\xalan\xalan\2.7.2\xalan-2.7.2.jar;C:\Users\A748795\apache-maven-3.6.0\conf\xerces\xercesImpl\2.11.0\xercesImpl-2.11.0.jar;C:\Users\A748795\apache-maven-3.6.0\conf\xml-apis\xml-apis\1.4.01\xml-apis-1.4.01.jar;C:\Users\A748795\apache-maven-3.6.0\conf\io\cucumber\cucumber-testng\5.7.0\cucumber-testng-5.7.0.jar;C:\Users\A748795\apache-maven-3.6.0\conf\org\testng\testng\6.14.3\testng-6.14.3.jar;C:\Users\A748795\apache-maven-3.6.0\conf\com\beust\jcommander\1.72\jcommander-1.72.jar;C:\Users\A748795\apache-maven-3.6.0\conf\org\apache-extras\beanshell\bsh\2.0b6\bsh-2.0b6.jar;C:\Users\A748795\apache-maven-3.6.0\conf\org\apache\commons\commons-lang3\3.11\commons-lang3-3.11.jar;C:\Users\A748795\apache-maven-3.6.0\conf\org\apache\maven\surefire\surefire-testng-utils\2.22.0\surefire-testng-utils-2.22.0.jar;C:\Users\A748795\apache-maven-3.6.0\conf\org\apache\maven\surefire\surefire-grouper\2.22.0\surefire-grouper-2.22.0.jar;"/>
    <property name="java.vm.vendor" value="Oracle Corporation"/>
    <property name="sun.arch.data.model" value="64"/>
    <property name="user.variant" value=""/>
    <property name="java.vendor.url" value="http://java.oracle.com/"/>
    <property name="user.timezone" value="Asia/Calcutta"/>
    <property name="java.vm.specification.version" value="1.8"/>
    <property name="os.name" value="Windows 7"/>
    <property name="user.country" value="IN"/>
    <property name="sun.java.launcher" value="SUN_STANDARD"/>
    <property name="sun.boot.library.path" value="C:\Program Files\Java\jdk1.8.0_202\jre\bin"/>
    <property name="sun.java.command" value="C:\Users\A748795\AppData\Local\Temp\surefire4110141957698763656\surefirebooter4807390597248692699.jar C:\Users\A748795\AppData\Local\Temp\surefire4110141957698763656 2021-01-23T12-30-56_353-jvmRun1 surefire5646373757663626392tmp surefire_03853871568304019666tmp"/>
    <property name="surefire.test.class.path" value="C:\Users\A748795\Eclipse_Deepesh1\target\test-classes;C:\Users\A748795\Eclipse_Deepesh1\target\classes;C:\Users\A748795\apache-maven-3.6.0\conf\io\cucumber\cucumber-java\5.7.0\cucumber-java-5.7.0.jar;C:\Users\A748795\apache-maven-3.6.0\conf\io\cucumber\cucumber-core\5.7.0\cucumber-core-5.7.0.jar;C:\Users\A748795\apache-maven-3.6.0\conf\io\cucumber\cucumber-gherkin\5.7.0\cucumber-gherkin-5.7.0.jar;C:\Users\A748795\apache-maven-3.6.0\conf\io\cucumber\cucumber-gherkin-vintage\5.7.0\cucumber-gherkin-vintage-5.7.0.jar;C:\Users\A748795\apache-maven-3.6.0\conf\io\cucumber\tag-expressions\2.0.4\tag-expressions-2.0.4.jar;C:\Users\A748795\apache-maven-3.6.0\conf\io\cucumber\cucumber-expressions\8.3.1\cucumber-expressions-8.3.1.jar;C:\Users\A748795\apache-maven-3.6.0\conf\io\cucumber\datatable\3.3.1\datatable-3.3.1.jar;C:\Users\A748795\apache-maven-3.6.0\conf\io\cucumber\cucumber-plugin\5.7.0\cucumber-plugin-5.7.0.jar;C:\Users\A748795\apache-maven-3.6.0\conf\io\cucumber\docstring\5.7.0\docstring-5.7.0.jar;C:\Users\A748795\apache-maven-3.6.0\conf\org\apiguardian\apiguardian-api\1.1.0\apiguardian-api-1.1.0.jar;C:\Users\A748795\apache-maven-3.6.0\conf\junit\junit\4.13\junit-4.13.jar;C:\Users\A748795\apache-maven-3.6.0\conf\org\hamcrest\hamcrest-core\1.3\hamcrest-core-1.3.jar;C:\Users\A748795\apache-maven-3.6.0\conf\io\cucumber\cucumber-junit\5.7.0\cucumber-junit-5.7.0.jar;C:\Users\A748795\apache-maven-3.6.0\conf\org\seleniumhq\selenium\selenium-java\3.5.3\selenium-java-3.5.3.jar;C:\Users\A748795\apache-maven-3.6.0\conf\org\seleniumhq\selenium\selenium-api\3.5.3\selenium-api-3.5.3.jar;C:\Users\A748795\apache-maven-3.6.0\conf\org\seleniumhq\selenium\selenium-chrome-driver\3.5.3\selenium-chrome-driver-3.5.3.jar;C:\Users\A748795\apache-maven-3.6.0\conf\org\seleniumhq\selenium\selenium-edge-driver\3.5.3\selenium-edge-driver-3.5.3.jar;C:\Users\A748795\apache-maven-3.6.0\conf\org\seleniumhq\selenium\selenium-firefox-driver\3.5.3\selenium-firefox-driver-3.5.3.jar;C:\Users\A748795\apache-maven-3.6.0\conf\org\seleniumhq\selenium\selenium-ie-driver\3.5.3\selenium-ie-driver-3.5.3.jar;C:\Users\A748795\apache-maven-3.6.0\conf\org\seleniumhq\selenium\selenium-opera-driver\3.5.3\selenium-opera-driver-3.5.3.jar;C:\Users\A748795\apache-maven-3.6.0\conf\org\seleniumhq\selenium\selenium-remote-driver\3.5.3\selenium-remote-driver-3.5.3.jar;C:\Users\A748795\apache-maven-3.6.0\conf\org\seleniumhq\selenium\selenium-safari-driver\3.5.3\selenium-safari-driver-3.5.3.jar;C:\Users\A748795\apache-maven-3.6.0\conf\org\seleniumhq\selenium\selenium-support\3.5.3\selenium-support-3.5.3.jar;C:\Users\A748795\apache-maven-3.6.0\conf\cglib\cglib-nodep\3.2.4\cglib-nodep-3.2.4.jar;C:\Users\A748795\apache-maven-3.6.0\conf\org\apache\commons\commons-exec\1.3\commons-exec-1.3.jar;C:\Users\A748795\apache-maven-3.6.0\conf\commons-codec\commons-codec\1.10\commons-codec-1.10.jar;C:\Users\A748795\apache-maven-3.6.0\conf\commons-io\commons-io\2.5\commons-io-2.5.jar;C:\Users\A748795\apache-maven-3.6.0\conf\commons-logging\commons-logging\1.2\commons-logging-1.2.jar;C:\Users\A748795\apache-maven-3.6.0\conf\org\w3c\css\sac\1.3\sac-1.3.jar;C:\Users\A748795\apache-maven-3.6.0\conf\net\sourceforge\cssparser\cssparser\0.9.23\cssparser-0.9.23.jar;C:\Users\A748795\apache-maven-3.6.0\conf\com\google\code\gson\gson\2.8.0\gson-2.8.0.jar;C:\Users\A748795\apache-maven-3.6.0\conf\com\google\guava\guava\23.0\guava-23.0.jar;C:\Users\A748795\apache-maven-3.6.0\conf\com\google\code\findbugs\jsr305\1.3.9\jsr305-1.3.9.jar;C:\Users\A748795\apache-maven-3.6.0\conf\com\google\errorprone\error_prone_annotations\2.0.18\error_prone_annotations-2.0.18.jar;C:\Users\A748795\apache-maven-3.6.0\conf\com\google\j2objc\j2objc-annotations\1.1\j2objc-annotations-1.1.jar;C:\Users\A748795\apache-maven-3.6.0\conf\org\codehaus\mojo\animal-sniffer-annotations\1.14\animal-sniffer-annotations-1.14.jar;C:\Users\A748795\apache-maven-3.6.0\conf\net\sourceforge\htmlunit\htmlunit\2.27\htmlunit-2.27.jar;C:\Users\A748795\apache-maven-3.6.0\conf\net\sourceforge\htmlunit\htmlunit-core-js\2.27\htmlunit-core-js-2.27.jar;C:\Users\A748795\apache-maven-3.6.0\conf\net\sourceforge\htmlunit\neko-htmlunit\2.27\neko-htmlunit-2.27.jar;C:\Users\A748795\apache-maven-3.6.0\conf\org\apache\httpcomponents\httpclient\4.5.3\httpclient-4.5.3.jar;C:\Users\A748795\apache-maven-3.6.0\conf\org\apache\httpcomponents\httpcore\4.4.6\httpcore-4.4.6.jar;C:\Users\A748795\apache-maven-3.6.0\conf\org\apache\httpcomponents\httpmime\4.5.3\httpmime-4.5.3.jar;C:\Users\A748795\apache-maven-3.6.0\conf\org\eclipse\jetty\jetty-client\9.4.5.v20170502\jetty-client-9.4.5.v20170502.jar;C:\Users\A748795\apache-maven-3.6.0\conf\org\eclipse\jetty\jetty-http\9.4.5.v20170502\jetty-http-9.4.5.v20170502.jar;C:\Users\A748795\apache-maven-3.6.0\conf\org\eclipse\jetty\jetty-io\9.4.5.v20170502\jetty-io-9.4.5.v20170502.jar;C:\Users\A748795\apache-maven-3.6.0\conf\org\eclipse\jetty\jetty-util\9.4.5.v20170502\jetty-util-9.4.5.v20170502.jar;C:\Users\A748795\apache-maven-3.6.0\conf\net\java\dev\jna\jna\4.1.0\jna-4.1.0.jar;C:\Users\A748795\apache-maven-3.6.0\conf\net\java\dev\jna\jna-platform\4.1.0\jna-platform-4.1.0.jar;C:\Users\A748795\apache-maven-3.6.0\conf\com\codeborne\phantomjsdriver\1.4.0\phantomjsdriver-1.4.0.jar;C:\Users\A748795\apache-maven-3.6.0\conf\org\seleniumhq\selenium\htmlunit-driver\2.27\htmlunit-driver-2.27.jar;C:\Users\A748795\apache-maven-3.6.0\conf\javax\servlet\javax.servlet-api\3.1.0\javax.servlet-api-3.1.0.jar;C:\Users\A748795\apache-maven-3.6.0\conf\org\eclipse\jetty\websocket\websocket-api\9.4.5.v20170502\websocket-api-9.4.5.v20170502.jar;C:\Users\A748795\apache-maven-3.6.0\conf\org\eclipse\jetty\websocket\websocket-client\9.4.5.v20170502\websocket-client-9.4.5.v20170502.jar;C:\Users\A748795\apache-maven-3.6.0\conf\org\eclipse\jetty\websocket\websocket-common\9.4.5.v20170502\websocket-common-9.4.5.v20170502.jar;C:\Users\A748795\apache-maven-3.6.0\conf\xalan\serializer\2.7.2\serializer-2.7.2.jar;C:\Users\A748795\apache-maven-3.6.0\conf\xalan\xalan\2.7.2\xalan-2.7.2.jar;C:\Users\A748795\apache-maven-3.6.0\conf\xerces\xercesImpl\2.11.0\xercesImpl-2.11.0.jar;C:\Users\A748795\apache-maven-3.6.0\conf\xml-apis\xml-apis\1.4.01\xml-apis-1.4.01.jar;C:\Users\A748795\apache-maven-3.6.0\conf\io\cucumber\cucumber-testng\5.7.0\cucumber-testng-5.7.0.jar;C:\Users\A748795\apache-maven-3.6.0\conf\org\testng\testng\6.14.3\testng-6.14.3.jar;C:\Users\A748795\apache-maven-3.6.0\conf\com\beust\jcommander\1.72\jcommander-1.72.jar;C:\Users\A748795\apache-maven-3.6.0\conf\org\apache-extras\beanshell\bsh\2.0b6\bsh-2.0b6.jar;C:\Users\A748795\apache-maven-3.6.0\conf\org\apache\commons\commons-lang3\3.11\commons-lang3-3.11.jar;C:\Users\A748795\apache-maven-3.6.0\conf\org\apache\maven\surefire\surefire-testng-utils\2.22.0\surefire-testng-utils-2.22.0.jar;C:\Users\A748795\apache-maven-3.6.0\conf\org\apache\maven\surefire\surefire-grouper\2.22.0\surefire-grouper-2.22.0.jar;"/>
    <property name="sun.cpu.endian" value="little"/>
    <property name="user.home" value="C:\Users\A748795"/>
    <property name="user.language" value="en"/>
    <property name="java.specification.vendor" value="Oracle Corporation"/>
    <property name="java.home" value="C:\Program Files\Java\jdk1.8.0_202\jre"/>
    <property name="basedir" value="C:\Users\A748795\Eclipse_Deepesh1"/>
    <property name="file.separator" value="\"/>
    <property name="line.separator" value="&#10;"/>
    <property name="java.vm.specification.vendor" value="Oracle Corporation"/>
    <property name="java.specification.name" value="Java Platform API Specification"/>
    <property name="java.awt.graphicsenv" value="sun.awt.Win32GraphicsEnvironment"/>
    <property name="surefire.real.class.path" value="C:\Users\A748795\AppData\Local\Temp\surefire4110141957698763656\surefirebooter4807390597248692699.jar"/>
    <property name="sun.boot.class.path" value="C:\Program Files\Java\jdk1.8.0_202\jre\lib\resources.jar;C:\Program Files\Java\jdk1.8.0_202\jre\lib\rt.jar;C:\Program Files\Java\jdk1.8.0_202\jre\lib\sunrsasign.jar;C:\Program Files\Java\jdk1.8.0_202\jre\lib\jsse.jar;C:\Program Files\Java\jdk1.8.0_202\jre\lib\jce.jar;C:\Program Files\Java\jdk1.8.0_202\jre\lib\charsets.jar;C:\Program Files\Java\jdk1.8.0_202\jre\lib\jfr.jar;C:\Program Files\Java\jdk1.8.0_202\jre\classes"/>
    <property name="user.script" value=""/>
    <property name="sun.management.compiler" value="HotSpot 64-Bit Tiered Compilers"/>
    <property name="java.runtime.version" value="1.8.0_202-b08"/>
    <property name="user.name" value="A748795"/>
    <property name="path.separator" value=";"/>
    <property name="os.version" value="6.1"/>
    <property name="java.endorsed.dirs" value="C:\Program Files\Java\jdk1.8.0_202\jre\lib\endorsed"/>
    <property name="java.runtime.name" value="Java(TM) SE Runtime Environment"/>
    <property name="file.encoding" value="Cp1252"/>
    <property name="java.vm.name" value="Java HotSpot(TM) 64-Bit Server VM"/>
    <property name="localRepository" value="C:\Users\A748795\apache-maven-3.6.0\conf"/>
    <property name="java.vendor.url.bug" value="http://bugreport.sun.com/bugreport/"/>
    <property name="java.io.tmpdir" value="C:\Users\A748795\AppData\Local\Temp\"/>
    <property name="java.version" value="1.8.0_202"/>
    <property name="user.dir" value="C:\Users\A748795\Eclipse_Deepesh1"/>
    <property name="os.arch" value="amd64"/>
    <property name="java.vm.specification.name" value="Java Virtual Machine Specification"/>
    <property name="java.awt.printerjob" value="sun.awt.windows.WPrinterJob"/>
    <property name="sun.os.patch.level" value="Service Pack 1"/>
    <property name="java.library.path" value="C:\Program Files\Java\jdk1.8.0_202\jre\bin;C:\WINDOWS\Sun\Java\bin;C:\WINDOWS\system32;C:\WINDOWS;C:/Program Files/Java/jre1.8.0_261/bin/server;C:/Program Files/Java/jre1.8.0_261/bin;C:/Program Files/Java/jre1.8.0_261/lib/amd64;C:\Program Files (x86)\Common Files\Oracle\Java\javapath;C:\Program Files\Java\jdk1.8.0_202\bin;C:\WINDOWS\system32;C:\WINDOWS;C:\WINDOWS\System32\Wbem;C:\WINDOWS\System32\WindowsPowerShell\v1.0\;C:\WINDOWS\System32\WindowsPowerShell\v1.0\;C:\WINDOWS\System32\WindowsPowerShell\v1.0\;C:\Program Files\PuTTY\;C:\Users\A748795\apache-maven-3.6.0\bin;C:\Users\A748795\gradle-5.2.1\bin;C:\Program Files\Git\bin;C:\Program Files\nodejs\C:\Users\A748795\Python 3.8;C:\Users\A748795\AppData\Local\Android\Sdk\platform-tools;C:\Program Files (x86)\Pulse Secure\VC142.CRT\X64\;C:\Program Files (x86)\Pulse Secure\VC142.CRT\X86\;C:\Users\A748795\AppData\Local\Programs\Python\Python37\Scripts\;C:\Users\A748795\AppData\Local\Programs\Python\Python37\;C:\Program Files\Docker Toolbox;#JAVA_HOME#;C:\Users\A748795\AppData\Roaming\npm;C:\Users\A748795\AppData\Local\atom\bin;C:\Users\A748795\Eclipse_Deepesh1\java-2019-06\eclipse;;."/>
    <property name="java.vm.info" value="mixed mode"/>
    <property name="java.vendor" value="Oracle Corporation"/>
    <property name="java.vm.version" value="25.202-b08"/>
    <property name="java.ext.dirs" value="C:\Program Files\Java\jdk1.8.0_202\jre\lib\ext;C:\WINDOWS\Sun\Java\lib\ext"/>
    <property name="sun.io.unicode.encoding" value="UnicodeLittle"/>
    <property name="java.class.version" value="52.0"/>
  </properties>
</testsuite>